<?xml version="1.0" encoding="UTF-8"?>
<testsuite xmlns:xsi="http://www.w3.org/2001/XMLSchema-instance" xsi:noNamespaceSchemaLocation="https://maven.apache.org/surefire/maven-surefire-plugin/xsd/surefire-test-report.xsd" name="com.discord4j.discord4j.AppTest" time="0.142" tests="1" errors="0" skipped="0" failures="0">
  <properties>
    <property name="java.specification.version" value="14"/>
    <property name="sun.jnu.encoding" value="UTF-8"/>
    <property name="java.class.path" value="/Users/kevinmou/Documents/GitHub/Kevins-discord-bot/discord4j-core/target/test-classes:/Users/kevinmou/Documents/GitHub/Kevins-discord-bot/discord4j-core/target/classes:/Users/kevinmou/.m2/repository/com/discord4j/discord4j-core/3.1.0.TEST-SNAPSHOT/discord4j-core-3.1.0.TEST-SNAPSHOT.jar:/Users/kevinmou/.m2/repository/com/discord4j/discord4j-rest/3.1.0.TEST-SNAPSHOT/discord4j-rest-3.1.0.TEST-SNAPSHOT.jar:/Users/kevinmou/.m2/repository/com/discord4j/discord4j-common/3.1.0.TEST-SNAPSHOT/discord4j-common-3.1.0.TEST-SNAPSHOT.jar:/Users/kevinmou/.m2/repository/io/projectreactor/netty/reactor-netty/0.9.5.RELEASE/reactor-netty-0.9.5.RELEASE.jar:/Users/kevinmou/.m2/repository/io/netty/netty-codec-http/4.1.45.Final/netty-codec-http-4.1.45.Final.jar:/Users/kevinmou/.m2/repository/io/netty/netty-common/4.1.45.Final/netty-common-4.1.45.Final.jar:/Users/kevinmou/.m2/repository/io/netty/netty-buffer/4.1.45.Final/netty-buffer-4.1.45.Final.jar:/Users/kevinmou/.m2/repository/io/netty/netty-transport/4.1.45.Final/netty-transport-4.1.45.Final.jar:/Users/kevinmou/.m2/repository/io/netty/netty-resolver/4.1.45.Final/netty-resolver-4.1.45.Final.jar:/Users/kevinmou/.m2/repository/io/netty/netty-codec/4.1.45.Final/netty-codec-4.1.45.Final.jar:/Users/kevinmou/.m2/repository/io/netty/netty-codec-http2/4.1.45.Final/netty-codec-http2-4.1.45.Final.jar:/Users/kevinmou/.m2/repository/io/netty/netty-handler/4.1.45.Final/netty-handler-4.1.45.Final.jar:/Users/kevinmou/.m2/repository/io/netty/netty-handler-proxy/4.1.45.Final/netty-handler-proxy-4.1.45.Final.jar:/Users/kevinmou/.m2/repository/io/netty/netty-codec-socks/4.1.45.Final/netty-codec-socks-4.1.45.Final.jar:/Users/kevinmou/.m2/repository/io/netty/netty-transport-native-epoll/4.1.45.Final/netty-transport-native-epoll-4.1.45.Final-linux-x86_64.jar:/Users/kevinmou/.m2/repository/io/netty/netty-transport-native-unix-common/4.1.45.Final/netty-transport-native-unix-common-4.1.45.Final.jar:/Users/kevinmou/.m2/repository/io/projectreactor/addons/reactor-pool/0.1.2.RELEASE/reactor-pool-0.1.2.RELEASE.jar:/Users/kevinmou/.m2/repository/com/fasterxml/jackson/core/jackson-databind/2.10.2/jackson-databind-2.10.2.jar:/Users/kevinmou/.m2/repository/com/fasterxml/jackson/core/jackson-annotations/2.10.2/jackson-annotations-2.10.2.jar:/Users/kevinmou/.m2/repository/com/fasterxml/jackson/core/jackson-core/2.10.2/jackson-core-2.10.2.jar:/Users/kevinmou/.m2/repository/com/fasterxml/jackson/datatype/jackson-datatype-jdk8/2.10.2/jackson-datatype-jdk8-2.10.2.jar:/Users/kevinmou/.m2/repository/com/discord4j/discord4j-gateway/3.1.0.TEST-SNAPSHOT/discord4j-gateway-3.1.0.TEST-SNAPSHOT.jar:/Users/kevinmou/.m2/repository/io/projectreactor/addons/reactor-extra/3.3.2.RELEASE/reactor-extra-3.3.2.RELEASE.jar:/Users/kevinmou/.m2/repository/io/projectreactor/reactor-core/3.3.2.RELEASE/reactor-core-3.3.2.RELEASE.jar:/Users/kevinmou/.m2/repository/org/reactivestreams/reactive-streams/1.0.3/reactive-streams-1.0.3.jar:/Users/kevinmou/.m2/repository/com/discord4j/discord4j-voice/3.1.0.TEST-SNAPSHOT/discord4j-voice-3.1.0.TEST-SNAPSHOT.jar:/Users/kevinmou/.m2/repository/com/discord4j/simple-fsm/1.0.1/simple-fsm-1.0.1.jar:/Users/kevinmou/.m2/repository/com/discord4j/stores-jdk/3.1.0.TEST-SNAPSHOT/stores-jdk-3.1.0.TEST-SNAPSHOT.jar:/Users/kevinmou/.m2/repository/com/discord4j/stores-api/3.1.0.TEST-SNAPSHOT/stores-api-3.1.0.TEST-SNAPSHOT.jar:/Users/kevinmou/.m2/repository/com/austinv11/servicer/Servicer/1.0.0/Servicer-1.0.0.jar:/Users/kevinmou/.m2/repository/junit/junit/4.11/junit-4.11.jar:/Users/kevinmou/.m2/repository/org/hamcrest/hamcrest-core/1.3/hamcrest-core-1.3.jar:/Users/kevinmou/.m2/repository/ch/qos/logback/logback-classic/1.3.0-alpha5/logback-classic-1.3.0-alpha5.jar:/Users/kevinmou/.m2/repository/ch/qos/logback/logback-core/1.3.0-alpha5/logback-core-1.3.0-alpha5.jar:/Users/kevinmou/.m2/repository/org/slf4j/slf4j-api/2.0.0-alpha1/slf4j-api-2.0.0-alpha1.jar:/Users/kevinmou/.m2/repository/com/sun/mail/javax.mail/1.6.2/javax.mail-1.6.2.jar:/Users/kevinmou/.m2/repository/javax/activation/activation/1.1/activation-1.1.jar:/Users/kevinmou/.m2/repository/edu/washington/cs/types/checker/checker-framework/1.7.0/checker-framework-1.7.0.jar:"/>
    <property name="java.vm.vendor" value="Oracle Corporation"/>
    <property name="sun.arch.data.model" value="64"/>
    <property name="java.vendor.url" value="https://java.oracle.com/"/>
    <property name="os.name" value="Mac OS X"/>
    <property name="java.vm.specification.version" value="14"/>
    <property name="sun.java.launcher" value="SUN_STANDARD"/>
    <property name="user.country" value="CA"/>
    <property name="sun.boot.library.path" value="/Library/Java/JavaVirtualMachines/jdk-14.jdk/Contents/Home/lib"/>
    <property name="sun.java.command" value="/Users/kevinmou/Documents/GitHub/Kevins-discord-bot/discord4j-core/target/surefire/surefirebooter6124362723032997522.jar /Users/kevinmou/Documents/GitHub/Kevins-discord-bot/discord4j-core/target/surefire 2020-03-21T18-40-16_769-jvmRun1 surefire11526755957888341543tmp surefire_05822283924930836630tmp"/>
    <property name="http.nonProxyHosts" value="local|*.local|169.254/16|*.169.254/16"/>
    <property name="jdk.debug" value="release"/>
    <property name="surefire.test.class.path" value="/Users/kevinmou/Documents/GitHub/Kevins-discord-bot/discord4j-core/target/test-classes:/Users/kevinmou/Documents/GitHub/Kevins-discord-bot/discord4j-core/target/classes:/Users/kevinmou/.m2/repository/com/discord4j/discord4j-core/3.1.0.TEST-SNAPSHOT/discord4j-core-3.1.0.TEST-SNAPSHOT.jar:/Users/kevinmou/.m2/repository/com/discord4j/discord4j-rest/3.1.0.TEST-SNAPSHOT/discord4j-rest-3.1.0.TEST-SNAPSHOT.jar:/Users/kevinmou/.m2/repository/com/discord4j/discord4j-common/3.1.0.TEST-SNAPSHOT/discord4j-common-3.1.0.TEST-SNAPSHOT.jar:/Users/kevinmou/.m2/repository/io/projectreactor/netty/reactor-netty/0.9.5.RELEASE/reactor-netty-0.9.5.RELEASE.jar:/Users/kevinmou/.m2/repository/io/netty/netty-codec-http/4.1.45.Final/netty-codec-http-4.1.45.Final.jar:/Users/kevinmou/.m2/repository/io/netty/netty-common/4.1.45.Final/netty-common-4.1.45.Final.jar:/Users/kevinmou/.m2/repository/io/netty/netty-buffer/4.1.45.Final/netty-buffer-4.1.45.Final.jar:/Users/kevinmou/.m2/repository/io/netty/netty-transport/4.1.45.Final/netty-transport-4.1.45.Final.jar:/Users/kevinmou/.m2/repository/io/netty/netty-resolver/4.1.45.Final/netty-resolver-4.1.45.Final.jar:/Users/kevinmou/.m2/repository/io/netty/netty-codec/4.1.45.Final/netty-codec-4.1.45.Final.jar:/Users/kevinmou/.m2/repository/io/netty/netty-codec-http2/4.1.45.Final/netty-codec-http2-4.1.45.Final.jar:/Users/kevinmou/.m2/repository/io/netty/netty-handler/4.1.45.Final/netty-handler-4.1.45.Final.jar:/Users/kevinmou/.m2/repository/io/netty/netty-handler-proxy/4.1.45.Final/netty-handler-proxy-4.1.45.Final.jar:/Users/kevinmou/.m2/repository/io/netty/netty-codec-socks/4.1.45.Final/netty-codec-socks-4.1.45.Final.jar:/Users/kevinmou/.m2/repository/io/netty/netty-transport-native-epoll/4.1.45.Final/netty-transport-native-epoll-4.1.45.Final-linux-x86_64.jar:/Users/kevinmou/.m2/repository/io/netty/netty-transport-native-unix-common/4.1.45.Final/netty-transport-native-unix-common-4.1.45.Final.jar:/Users/kevinmou/.m2/repository/io/projectreactor/addons/reactor-pool/0.1.2.RELEASE/reactor-pool-0.1.2.RELEASE.jar:/Users/kevinmou/.m2/repository/com/fasterxml/jackson/core/jackson-databind/2.10.2/jackson-databind-2.10.2.jar:/Users/kevinmou/.m2/repository/com/fasterxml/jackson/core/jackson-annotations/2.10.2/jackson-annotations-2.10.2.jar:/Users/kevinmou/.m2/repository/com/fasterxml/jackson/core/jackson-core/2.10.2/jackson-core-2.10.2.jar:/Users/kevinmou/.m2/repository/com/fasterxml/jackson/datatype/jackson-datatype-jdk8/2.10.2/jackson-datatype-jdk8-2.10.2.jar:/Users/kevinmou/.m2/repository/com/discord4j/discord4j-gateway/3.1.0.TEST-SNAPSHOT/discord4j-gateway-3.1.0.TEST-SNAPSHOT.jar:/Users/kevinmou/.m2/repository/io/projectreactor/addons/reactor-extra/3.3.2.RELEASE/reactor-extra-3.3.2.RELEASE.jar:/Users/kevinmou/.m2/repository/io/projectreactor/reactor-core/3.3.2.RELEASE/reactor-core-3.3.2.RELEASE.jar:/Users/kevinmou/.m2/repository/org/reactivestreams/reactive-streams/1.0.3/reactive-streams-1.0.3.jar:/Users/kevinmou/.m2/repository/com/discord4j/discord4j-voice/3.1.0.TEST-SNAPSHOT/discord4j-voice-3.1.0.TEST-SNAPSHOT.jar:/Users/kevinmou/.m2/repository/com/discord4j/simple-fsm/1.0.1/simple-fsm-1.0.1.jar:/Users/kevinmou/.m2/repository/com/discord4j/stores-jdk/3.1.0.TEST-SNAPSHOT/stores-jdk-3.1.0.TEST-SNAPSHOT.jar:/Users/kevinmou/.m2/repository/com/discord4j/stores-api/3.1.0.TEST-SNAPSHOT/stores-api-3.1.0.TEST-SNAPSHOT.jar:/Users/kevinmou/.m2/repository/com/austinv11/servicer/Servicer/1.0.0/Servicer-1.0.0.jar:/Users/kevinmou/.m2/repository/junit/junit/4.11/junit-4.11.jar:/Users/kevinmou/.m2/repository/org/hamcrest/hamcrest-core/1.3/hamcrest-core-1.3.jar:/Users/kevinmou/.m2/repository/ch/qos/logback/logback-classic/1.3.0-alpha5/logback-classic-1.3.0-alpha5.jar:/Users/kevinmou/.m2/repository/ch/qos/logback/logback-core/1.3.0-alpha5/logback-core-1.3.0-alpha5.jar:/Users/kevinmou/.m2/repository/org/slf4j/slf4j-api/2.0.0-alpha1/slf4j-api-2.0.0-alpha1.jar:/Users/kevinmou/.m2/repository/com/sun/mail/javax.mail/1.6.2/javax.mail-1.6.2.jar:/Users/kevinmou/.m2/repository/javax/activation/activation/1.1/activation-1.1.jar:/Users/kevinmou/.m2/repository/edu/washington/cs/types/checker/checker-framework/1.7.0/checker-framework-1.7.0.jar:"/>
    <property name="sun.cpu.endian" value="little"/>
    <property name="user.home" value="/Users/kevinmou"/>
    <property name="user.language" value="en"/>
    <property name="java.specification.vendor" value="Oracle Corporation"/>
    <property name="java.version.date" value="2020-03-17"/>
    <property name="java.home" value="/Library/Java/JavaVirtualMachines/jdk-14.jdk/Contents/Home"/>
    <property name="file.separator" value="/"/>
    <property name="basedir" value="/Users/kevinmou/Documents/GitHub/Kevins-discord-bot/discord4j-core"/>
    <property name="java.vm.compressedOopsMode" value="Zero based"/>
    <property name="line.separator" value="&#10;"/>
    <property name="java.specification.name" value="Java Platform API Specification"/>
    <property name="java.vm.specification.vendor" value="Oracle Corporation"/>
    <property name="surefire.real.class.path" value="/Users/kevinmou/Documents/GitHub/Kevins-discord-bot/discord4j-core/target/surefire/surefirebooter6124362723032997522.jar"/>
    <property name="sun.management.compiler" value="HotSpot 64-Bit Tiered Compilers"/>
    <property name="ftp.nonProxyHosts" value="local|*.local|169.254/16|*.169.254/16"/>
    <property name="java.runtime.version" value="14-ea+24-1107"/>
    <property name="user.name" value="kevinmou"/>
    <property name="path.separator" value=":"/>
    <property name="os.version" value="10.14.6"/>
    <property name="java.runtime.name" value="OpenJDK Runtime Environment"/>
    <property name="file.encoding" value="UTF-8"/>
    <property name="java.vm.name" value="OpenJDK 64-Bit Server VM"/>
    <property name="localRepository" value="/Users/kevinmou/.m2/repository"/>
    <property name="java.vendor.url.bug" value="https://bugreport.java.com/bugreport/"/>
    <property name="java.io.tmpdir" value="/var/folders/dy/vtf15p9x4619611nqqt93t_w0000gn/T/"/>
    <property name="java.version" value="14-ea"/>
    <property name="user.dir" value="/Users/kevinmou/Documents/GitHub/Kevins-discord-bot/discord4j-core"/>
    <property name="os.arch" value="x86_64"/>
    <property name="java.vm.specification.name" value="Java Virtual Machine Specification"/>
    <property name="java.library.path" value="/Users/kevinmou/Library/Java/Extensions:/Library/Java/Extensions:/Network/Library/Java/Extensions:/System/Library/Java/Extensions:/usr/lib/java:."/>
    <property name="java.vm.info" value="mixed mode, sharing"/>
    <property name="java.vendor" value="Oracle Corporation"/>
    <property name="java.vm.version" value="14-ea+24-1107"/>
    <property name="sun.io.unicode.encoding" value="UnicodeBig"/>
    <property name="socksNonProxyHosts" value="local|*.local|169.254/16|*.169.254/16"/>
    <property name="java.class.version" value="58.0"/>
  </properties>
  <testcase name="shouldAnswerWithTrue" classname="com.discord4j.discord4j.AppTest" time="0.004"/>
</testsuite>