<?xml version="1.0" encoding="UTF-8"?>
<testsuite xmlns:xsi="http://www.w3.org/2001/XMLSchema-instance" xsi:noNamespaceSchemaLocation="https://maven.apache.org/surefire/maven-surefire-plugin/xsd/surefire-test-report.xsd" name="com.discord4j.discord4j.AppTest" time="0.24" tests="1" errors="0" skipped="0" failures="0">
  <properties>
    <property name="java.specification.version" value="15"/>
    <property name="sun.cpu.isalist" value="amd64"/>
    <property name="sun.jnu.encoding" value="Cp1252"/>
    <property name="java.class.path" value="c:\Users\MavaddatJavid\Documents\GitHub\mavjavdiscordbot\discord4j-core\target\test-classes;c:\Users\MavaddatJavid\Documents\GitHub\mavjavdiscordbot\discord4j-core\target\classes;C:\Users\MavaddatJavid\.m2\repository\org\syncope\identityconnectors\framework\0.4.3\framework-0.4.3.jar;C:\Users\MavaddatJavid\.m2\repository\org\syncope\identityconnectors\framework-internal\0.4.3\framework-internal-0.4.3.jar;C:\Users\MavaddatJavid\.m2\repository\com\discord4j\discord4j-core\3.1.0.TEST-SNAPSHOT\discord4j-core-3.1.0.TEST-SNAPSHOT.jar;C:\Users\MavaddatJavid\.m2\repository\com\discord4j\discord4j-rest\3.1.0.TEST-SNAPSHOT\discord4j-rest-3.1.0.TEST-SNAPSHOT.jar;C:\Users\MavaddatJavid\.m2\repository\com\discord4j\discord4j-common\3.1.0.TEST-SNAPSHOT\discord4j-common-3.1.0.TEST-SNAPSHOT.jar;C:\Users\MavaddatJavid\.m2\repository\io\projectreactor\netty\reactor-netty\0.9.5.RELEASE\reactor-netty-0.9.5.RELEASE.jar;C:\Users\MavaddatJavid\.m2\repository\io\netty\netty-codec-http\4.1.45.Final\netty-codec-http-4.1.45.Final.jar;C:\Users\MavaddatJavid\.m2\repository\io\netty\netty-common\4.1.45.Final\netty-common-4.1.45.Final.jar;C:\Users\MavaddatJavid\.m2\repository\io\netty\netty-buffer\4.1.45.Final\netty-buffer-4.1.45.Final.jar;C:\Users\MavaddatJavid\.m2\repository\io\netty\netty-transport\4.1.45.Final\netty-transport-4.1.45.Final.jar;C:\Users\MavaddatJavid\.m2\repository\io\netty\netty-resolver\4.1.45.Final\netty-resolver-4.1.45.Final.jar;C:\Users\MavaddatJavid\.m2\repository\io\netty\netty-codec\4.1.45.Final\netty-codec-4.1.45.Final.jar;C:\Users\MavaddatJavid\.m2\repository\io\netty\netty-codec-http2\4.1.45.Final\netty-codec-http2-4.1.45.Final.jar;C:\Users\MavaddatJavid\.m2\repository\io\netty\netty-handler\4.1.45.Final\netty-handler-4.1.45.Final.jar;C:\Users\MavaddatJavid\.m2\repository\io\netty\netty-handler-proxy\4.1.45.Final\netty-handler-proxy-4.1.45.Final.jar;C:\Users\MavaddatJavid\.m2\repository\io\netty\netty-codec-socks\4.1.45.Final\netty-codec-socks-4.1.45.Final.jar;C:\Users\MavaddatJavid\.m2\repository\io\netty\netty-transport-native-epoll\4.1.45.Final\netty-transport-native-epoll-4.1.45.Final-linux-x86_64.jar;C:\Users\MavaddatJavid\.m2\repository\io\netty\netty-transport-native-unix-common\4.1.45.Final\netty-transport-native-unix-common-4.1.45.Final.jar;C:\Users\MavaddatJavid\.m2\repository\io\projectreactor\addons\reactor-pool\0.1.2.RELEASE\reactor-pool-0.1.2.RELEASE.jar;C:\Users\MavaddatJavid\.m2\repository\com\fasterxml\jackson\core\jackson-databind\2.10.2\jackson-databind-2.10.2.jar;C:\Users\MavaddatJavid\.m2\repository\com\fasterxml\jackson\core\jackson-annotations\2.10.2\jackson-annotations-2.10.2.jar;C:\Users\MavaddatJavid\.m2\repository\com\fasterxml\jackson\core\jackson-core\2.10.2\jackson-core-2.10.2.jar;C:\Users\MavaddatJavid\.m2\repository\com\fasterxml\jackson\datatype\jackson-datatype-jdk8\2.10.2\jackson-datatype-jdk8-2.10.2.jar;C:\Users\MavaddatJavid\.m2\repository\com\discord4j\discord4j-gateway\3.1.0.TEST-SNAPSHOT\discord4j-gateway-3.1.0.TEST-SNAPSHOT.jar;C:\Users\MavaddatJavid\.m2\repository\io\projectreactor\addons\reactor-extra\3.3.2.RELEASE\reactor-extra-3.3.2.RELEASE.jar;C:\Users\MavaddatJavid\.m2\repository\io\projectreactor\reactor-core\3.3.2.RELEASE\reactor-core-3.3.2.RELEASE.jar;C:\Users\MavaddatJavid\.m2\repository\org\reactivestreams\reactive-streams\1.0.3\reactive-streams-1.0.3.jar;C:\Users\MavaddatJavid\.m2\repository\com\discord4j\discord4j-voice\3.1.0.TEST-SNAPSHOT\discord4j-voice-3.1.0.TEST-SNAPSHOT.jar;C:\Users\MavaddatJavid\.m2\repository\com\discord4j\simple-fsm\1.0.1\simple-fsm-1.0.1.jar;C:\Users\MavaddatJavid\.m2\repository\com\discord4j\stores-jdk\3.1.0.TEST-SNAPSHOT\stores-jdk-3.1.0.TEST-SNAPSHOT.jar;C:\Users\MavaddatJavid\.m2\repository\com\discord4j\stores-api\3.1.0.TEST-SNAPSHOT\stores-api-3.1.0.TEST-SNAPSHOT.jar;C:\Users\MavaddatJavid\.m2\repository\com\austinv11\servicer\Servicer\1.0.0\Servicer-1.0.0.jar;C:\Users\MavaddatJavid\.m2\repository\junit\junit\4.11\junit-4.11.jar;C:\Users\MavaddatJavid\.m2\repository\org\hamcrest\hamcrest-core\1.3\hamcrest-core-1.3.jar;C:\Users\MavaddatJavid\.m2\repository\ch\qos\logback\logback-classic\1.3.0-alpha5\logback-classic-1.3.0-alpha5.jar;C:\Users\MavaddatJavid\.m2\repository\ch\qos\logback\logback-core\1.3.0-alpha5\logback-core-1.3.0-alpha5.jar;C:\Users\MavaddatJavid\.m2\repository\org\slf4j\slf4j-api\2.0.0-alpha1\slf4j-api-2.0.0-alpha1.jar;C:\Users\MavaddatJavid\.m2\repository\com\sun\mail\javax.mail\1.6.2\javax.mail-1.6.2.jar;C:\Users\MavaddatJavid\.m2\repository\javax\activation\activation\1.1\activation-1.1.jar;C:\Users\MavaddatJavid\.m2\repository\edu\washington\cs\types\checker\checker-framework\1.7.0\checker-framework-1.7.0.jar;"/>
    <property name="java.vm.vendor" value="Oracle Corporation"/>
    <property name="sun.arch.data.model" value="64"/>
    <property name="user.variant" value=""/>
    <property name="java.vendor.url" value="https://java.oracle.com/"/>
    <property name="user.timezone" value="America/Vancouver"/>
    <property name="os.name" value="Windows 10"/>
    <property name="java.vm.specification.version" value="15"/>
    <property name="sun.java.launcher" value="SUN_STANDARD"/>
    <property name="user.country" value="CA"/>
    <property name="sun.boot.library.path" value="C:\Users\MavaddatJavid\AppData\Roaming\jdk-15\bin"/>
    <property name="sun.java.command" value="C:\Users\MAVADD~1\AppData\Local\Temp\surefire16920004159712379212\surefirebooter2192393708818007597.jar C:\Users\MavaddatJavid\AppData\Local\Temp\surefire16920004159712379212 2020-03-28T17-00-21_524-jvmRun1 surefire11838867973529950830tmp surefire_012293638525841875235tmp"/>
    <property name="jdk.debug" value="release"/>
    <property name="surefire.test.class.path" value="c:\Users\MavaddatJavid\Documents\GitHub\mavjavdiscordbot\discord4j-core\target\test-classes;c:\Users\MavaddatJavid\Documents\GitHub\mavjavdiscordbot\discord4j-core\target\classes;C:\Users\MavaddatJavid\.m2\repository\org\syncope\identityconnectors\framework\0.4.3\framework-0.4.3.jar;C:\Users\MavaddatJavid\.m2\repository\org\syncope\identityconnectors\framework-internal\0.4.3\framework-internal-0.4.3.jar;C:\Users\MavaddatJavid\.m2\repository\com\discord4j\discord4j-core\3.1.0.TEST-SNAPSHOT\discord4j-core-3.1.0.TEST-SNAPSHOT.jar;C:\Users\MavaddatJavid\.m2\repository\com\discord4j\discord4j-rest\3.1.0.TEST-SNAPSHOT\discord4j-rest-3.1.0.TEST-SNAPSHOT.jar;C:\Users\MavaddatJavid\.m2\repository\com\discord4j\discord4j-common\3.1.0.TEST-SNAPSHOT\discord4j-common-3.1.0.TEST-SNAPSHOT.jar;C:\Users\MavaddatJavid\.m2\repository\io\projectreactor\netty\reactor-netty\0.9.5.RELEASE\reactor-netty-0.9.5.RELEASE.jar;C:\Users\MavaddatJavid\.m2\repository\io\netty\netty-codec-http\4.1.45.Final\netty-codec-http-4.1.45.Final.jar;C:\Users\MavaddatJavid\.m2\repository\io\netty\netty-common\4.1.45.Final\netty-common-4.1.45.Final.jar;C:\Users\MavaddatJavid\.m2\repository\io\netty\netty-buffer\4.1.45.Final\netty-buffer-4.1.45.Final.jar;C:\Users\MavaddatJavid\.m2\repository\io\netty\netty-transport\4.1.45.Final\netty-transport-4.1.45.Final.jar;C:\Users\MavaddatJavid\.m2\repository\io\netty\netty-resolver\4.1.45.Final\netty-resolver-4.1.45.Final.jar;C:\Users\MavaddatJavid\.m2\repository\io\netty\netty-codec\4.1.45.Final\netty-codec-4.1.45.Final.jar;C:\Users\MavaddatJavid\.m2\repository\io\netty\netty-codec-http2\4.1.45.Final\netty-codec-http2-4.1.45.Final.jar;C:\Users\MavaddatJavid\.m2\repository\io\netty\netty-handler\4.1.45.Final\netty-handler-4.1.45.Final.jar;C:\Users\MavaddatJavid\.m2\repository\io\netty\netty-handler-proxy\4.1.45.Final\netty-handler-proxy-4.1.45.Final.jar;C:\Users\MavaddatJavid\.m2\repository\io\netty\netty-codec-socks\4.1.45.Final\netty-codec-socks-4.1.45.Final.jar;C:\Users\MavaddatJavid\.m2\repository\io\netty\netty-transport-native-epoll\4.1.45.Final\netty-transport-native-epoll-4.1.45.Final-linux-x86_64.jar;C:\Users\MavaddatJavid\.m2\repository\io\netty\netty-transport-native-unix-common\4.1.45.Final\netty-transport-native-unix-common-4.1.45.Final.jar;C:\Users\MavaddatJavid\.m2\repository\io\projectreactor\addons\reactor-pool\0.1.2.RELEASE\reactor-pool-0.1.2.RELEASE.jar;C:\Users\MavaddatJavid\.m2\repository\com\fasterxml\jackson\core\jackson-databind\2.10.2\jackson-databind-2.10.2.jar;C:\Users\MavaddatJavid\.m2\repository\com\fasterxml\jackson\core\jackson-annotations\2.10.2\jackson-annotations-2.10.2.jar;C:\Users\MavaddatJavid\.m2\repository\com\fasterxml\jackson\core\jackson-core\2.10.2\jackson-core-2.10.2.jar;C:\Users\MavaddatJavid\.m2\repository\com\fasterxml\jackson\datatype\jackson-datatype-jdk8\2.10.2\jackson-datatype-jdk8-2.10.2.jar;C:\Users\MavaddatJavid\.m2\repository\com\discord4j\discord4j-gateway\3.1.0.TEST-SNAPSHOT\discord4j-gateway-3.1.0.TEST-SNAPSHOT.jar;C:\Users\MavaddatJavid\.m2\repository\io\projectreactor\addons\reactor-extra\3.3.2.RELEASE\reactor-extra-3.3.2.RELEASE.jar;C:\Users\MavaddatJavid\.m2\repository\io\projectreactor\reactor-core\3.3.2.RELEASE\reactor-core-3.3.2.RELEASE.jar;C:\Users\MavaddatJavid\.m2\repository\org\reactivestreams\reactive-streams\1.0.3\reactive-streams-1.0.3.jar;C:\Users\MavaddatJavid\.m2\repository\com\discord4j\discord4j-voice\3.1.0.TEST-SNAPSHOT\discord4j-voice-3.1.0.TEST-SNAPSHOT.jar;C:\Users\MavaddatJavid\.m2\repository\com\discord4j\simple-fsm\1.0.1\simple-fsm-1.0.1.jar;C:\Users\MavaddatJavid\.m2\repository\com\discord4j\stores-jdk\3.1.0.TEST-SNAPSHOT\stores-jdk-3.1.0.TEST-SNAPSHOT.jar;C:\Users\MavaddatJavid\.m2\repository\com\discord4j\stores-api\3.1.0.TEST-SNAPSHOT\stores-api-3.1.0.TEST-SNAPSHOT.jar;C:\Users\MavaddatJavid\.m2\repository\com\austinv11\servicer\Servicer\1.0.0\Servicer-1.0.0.jar;C:\Users\MavaddatJavid\.m2\repository\junit\junit\4.11\junit-4.11.jar;C:\Users\MavaddatJavid\.m2\repository\org\hamcrest\hamcrest-core\1.3\hamcrest-core-1.3.jar;C:\Users\MavaddatJavid\.m2\repository\ch\qos\logback\logback-classic\1.3.0-alpha5\logback-classic-1.3.0-alpha5.jar;C:\Users\MavaddatJavid\.m2\repository\ch\qos\logback\logback-core\1.3.0-alpha5\logback-core-1.3.0-alpha5.jar;C:\Users\MavaddatJavid\.m2\repository\org\slf4j\slf4j-api\2.0.0-alpha1\slf4j-api-2.0.0-alpha1.jar;C:\Users\MavaddatJavid\.m2\repository\com\sun\mail\javax.mail\1.6.2\javax.mail-1.6.2.jar;C:\Users\MavaddatJavid\.m2\repository\javax\activation\activation\1.1\activation-1.1.jar;C:\Users\MavaddatJavid\.m2\repository\edu\washington\cs\types\checker\checker-framework\1.7.0\checker-framework-1.7.0.jar;"/>
    <property name="sun.cpu.endian" value="little"/>
    <property name="user.home" value="C:\Users\MavaddatJavid"/>
    <property name="user.language" value="en"/>
    <property name="java.specification.vendor" value="Oracle Corporation"/>
    <property name="java.version.date" value="2020-09-15"/>
    <property name="java.home" value="C:\Users\MavaddatJavid\AppData\Roaming\jdk-15"/>
    <property name="file.separator" value="\"/>
    <property name="basedir" value="c:\Users\MavaddatJavid\Documents\GitHub\mavjavdiscordbot\discord4j-core"/>
    <property name="java.vm.compressedOopsMode" value="Zero based"/>
    <property name="line.separator" value="&#10;"/>
    <property name="java.vm.specification.vendor" value="Oracle Corporation"/>
    <property name="java.specification.name" value="Java Platform API Specification"/>
    <property name="surefire.real.class.path" value="C:\Users\MAVADD~1\AppData\Local\Temp\surefire16920004159712379212\surefirebooter2192393708818007597.jar"/>
    <property name="user.script" value=""/>
    <property name="sun.management.compiler" value="HotSpot 64-Bit Tiered Compilers"/>
    <property name="java.runtime.version" value="15-ea+8-219"/>
    <property name="user.name" value="MavaddatJavid"/>
    <property name="path.separator" value=";"/>
    <property name="os.version" value="10.0"/>
    <property name="java.runtime.name" value="OpenJDK Runtime Environment"/>
    <property name="file.encoding" value="Cp1252"/>
    <property name="java.vm.name" value="OpenJDK 64-Bit Server VM"/>
    <property name="localRepository" value="C:\Users\MavaddatJavid\.m2\repository"/>
    <property name="java.vendor.url.bug" value="https://bugreport.java.com/bugreport/"/>
    <property name="java.io.tmpdir" value="C:\Users\MAVADD~1\AppData\Local\Temp\"/>
    <property name="java.version" value="15-ea"/>
    <property name="user.dir" value="c:\Users\MavaddatJavid\Documents\GitHub\mavjavdiscordbot\discord4j-core"/>
    <property name="os.arch" value="amd64"/>
    <property name="java.vm.specification.name" value="Java Virtual Machine Specification"/>
    <property name="sun.os.patch.level" value=""/>
    <property name="java.library.path" value="C:\Users\MavaddatJavid\AppData\Roaming\jdk-15\bin;C:\WINDOWS\Sun\Java\bin;C:\WINDOWS\system32;C:\WINDOWS;C:\Program Files\PowerShell\7-preview;C:\Python38\Scripts\;C:\Python38\;C:\Python39\Scripts\;C:\Python39\;C:\Program Files (x86)\Intel\iCLS Client\;C:\Program Files\Intel\iCLS Client\;C:\Windows\System32;C:\Windows;C:\Windows\System32\wbem;C:\Windows\System32\WindowsPowerShell\v1.0\;C:\Windows\System32\OpenSSH\;C:\Program Files (x86)\Intel\Intel(R) Management Engine Components\DAL;C:\Program Files\Intel\Intel(R) Management Engine Components\DAL;C:\Program Files (x86)\Intel\Intel(R) Management Engine Components\IPT;C:\Program Files\Intel\Intel(R) Management Engine Components\IPT;C:\ProgramData\chocolatey\bin;C:\Program Files\Microsoft VS Code Insiders\bin;C:\Program Files\OpenSSH-Win64;C:\Program Files (x86)\GnuPG\bin;C:\Program Files\nodejs\;C:\Program Files\WIDCOMM\Bluetooth Software\;C:\Program Files\WIDCOMM\Bluetooth Software\syswow64;C:\WINDOWS\system32;C:\WINDOWS;C:\WINDOWS\System32\Wbem;C:\WINDOWS\System32\WindowsPowerShell\v1.0\;C:\WINDOWS\System32\OpenSSH\;C:\tools\BCURRAN3;C:\Program Files\Git\cmd;C:\Program Files\PowerShell\7-preview\preview;C:\Program Files\dotnet\;C:\Program Files\Amazon\AWSCLIV2\;C:\Program Files\PowerShell\7\;C:\ProgramData\chocolatey\lib\maven\apache-maven-3.6.3\bin;C:\Users\MavaddatJavid\AppData\Local\Microsoft\WindowsApps;C:\Users\MavaddatJavid\AppData\Roaming\jdk-15\bin;C:\Users\MavaddatJavid\AppData\Roaming\npm;C:\Users\MavaddatJavid\AppData\Local\Pandoc\;C:\Users\MavaddatJavid\AppData\Local\Keybase\;C:\tools\Cmder;C:\Users\MavaddatJavid\.dotnet\tools;%USERPROFILE%\AppData\Local\Microsoft\WindowsApps;;."/>
    <property name="java.vm.info" value="mixed mode, sharing"/>
    <property name="java.vendor" value="Oracle Corporation"/>
    <property name="java.vm.version" value="15-ea+8-219"/>
    <property name="sun.io.unicode.encoding" value="UnicodeLittle"/>
    <property name="java.class.version" value="59.0"/>
  </properties>
  <testcase name="shouldAnswerWithTrue" classname="com.discord4j.discord4j.AppTest" time="0.005"/>
</testsuite>